#
# There is insufficient memory for the Java Runtime Environment to continue.
# Native memory allocation (malloc) failed to allocate 1351936 bytes for Chunk::new
# Possible reasons:
#   The system is out of physical RAM or swap space
#   The process is running with CompressedOops enabled, and the Java Heap may be blocking the growth of the native heap
# Possible solutions:
#   Reduce memory load on the system
#   Increase physical memory or swap space
#   Check if swap backing store is full
#   Decrease Java heap size (-Xmx/-Xms)
#   Decrease number of Java threads
#   Decrease Java thread stack sizes (-Xss)
#   Set larger code cache with -XX:ReservedCodeCacheSize=
#   JVM is running with Unscaled Compressed Oops mode in which the Java heap is
#     placed in the first 4GB address space. The Java Heap base address is the
#     maximum limit for the native heap growth. Please use -XX:HeapBaseMinAddress
#     to set the Java Heap base and to place the Java Heap above 4GB virtual address.
# This output file may be truncated or incomplete.
#
#  Out of Memory Error (arena.cpp:184), pid=21116, tid=6788
#
# JRE version: Java(TM) SE Runtime Environment (19.0.1+10) (build 19.0.1+10-21)
# Java VM: Java HotSpot(TM) 64-Bit Server VM (19.0.1+10-21, mixed mode, sharing, tiered, compressed oops, compressed class ptrs, g1 gc, windows-amd64)
# No core dump will be written. Minidumps are not enabled by default on client versions of Windows
#

---------------  S U M M A R Y ------------

Command Line: -javaagent:C:\Users\Aswin\AppData\Local\JetBrains\Toolbox\apps\IDEA-C\ch-0\223.8214.52\lib\idea_rt.jar=65141:C:\Users\Aswin\AppData\Local\JetBrains\Toolbox\apps\IDEA-C\ch-0\223.8214.52\bin -Dfile.encoding=UTF-8 -Dsun.stdout.encoding=UTF-8 -Dsun.stderr.encoding=UTF-8 com.project.userService.UserServiceApplication

Host: AMD Ryzen 5 4600H with Radeon Graphics         , 12 cores, 7G,  Windows 11 , 64 bit Build 23451 (10.0.23451.1000)
Time: Mon May 22 09:53:36 2023 India Standard Time elapsed time: 74.997137 seconds (0d 0h 1m 14s)

---------------  T H R E A D  ---------------

Current thread (0x00000140c87b6420):  JavaThread "C2 CompilerThread0" daemon [_thread_in_native, id=6788, stack(0x000000025bf00000,0x000000025c000000)]


Current CompileTask:
C2:  74997 8321   !   4       org.springframework.web.servlet.mvc.method.annotation.AbstractMessageConverterMethodProcessor::writeWithMessageConverters (1086 bytes)

Stack: [0x000000025bf00000,0x000000025c000000]
Native frames: (J=compiled Java code, j=interpreted, Vv=VM code, C=native code)
V  [jvm.dll+0x6ee8fa]
V  [jvm.dll+0x857a1e]
V  [jvm.dll+0x85940e]
V  [jvm.dll+0x859ac3]
V  [jvm.dll+0x28291f]
V  [jvm.dll+0xc9b5f]
V  [jvm.dll+0xc9ee5]
V  [jvm.dll+0x2f7c6f]
V  [jvm.dll+0x5f0c5b]
V  [jvm.dll+0x254d73]
V  [jvm.dll+0x24ddfe]
V  [jvm.dll+0x24b563]
V  [jvm.dll+0x1d6d61]
V  [jvm.dll+0x25b0fa]
V  [jvm.dll+0x259588]
V  [jvm.dll+0x807928]
V  [jvm.dll+0x8015fa]
V  [jvm.dll+0x6ed5eb]
C  [ucrtbase.dll+0x29363]
C  [KERNEL32.DLL+0x1269d]
C  [ntdll.dll+0x5a9f8]


---------------  P R O C E S S  ---------------

Threads class SMR info:
_java_thread_list=0x00000140cea7f5b0, length=40, elements={
0x00000140c87a9560, 0x00000140c87aa030, 0x00000140c87ae610, 0x00000140c87b0b40,
0x00000140c87aeb60, 0x00000140c87ae0c0, 0x00000140c87b6420, 0x00000140c87bc480,
0x00000140c87afb50, 0x00000140c87b1090, 0x00000140c87af0b0, 0x00000140c87b05f0,
0x00000140c87adb70, 0x00000140ce38eac0, 0x00000140ce394fb0, 0x00000140ce394a60,
0x00000140ce394510, 0x00000140ce395a50, 0x00000140ce391a90, 0x00000140ce390000,
0x00000140ce393a70, 0x00000140ce392fd0, 0x00000140ce390aa0, 0x00000140ce393520,
0x00000140ce38e570, 0x00000140ce391fe0, 0x00000140ce38f010, 0x00000140ce392530,
0x00000140ce393fc0, 0x00000140ce392a80, 0x00000140ce391540, 0x00000140ce38f560,
0x00000140ce395500, 0x00000140ce38fab0, 0x00000140ce390550, 0x00000140cf7badf0,
0x00000140cf7b98b0, 0x00000140cf7bc880, 0x00000140cf7be310, 0x00000140cf7ec5f0
}

Java Threads: ( => current thread )
  0x00000140c87a9560 JavaThread "Reference Handler" daemon [_thread_blocked, id=14508, stack(0x000000025b900000,0x000000025ba00000)]
  0x00000140c87aa030 JavaThread "Finalizer" daemon [_thread_blocked, id=21940, stack(0x000000025ba00000,0x000000025bb00000)]
  0x00000140c87ae610 JavaThread "Signal Dispatcher" daemon [_thread_blocked, id=15280, stack(0x000000025bb00000,0x000000025bc00000)]
  0x00000140c87b0b40 JavaThread "Attach Listener" daemon [_thread_blocked, id=15164, stack(0x000000025bc00000,0x000000025bd00000)]
  0x00000140c87aeb60 JavaThread "Service Thread" daemon [_thread_blocked, id=12280, stack(0x000000025bd00000,0x000000025be00000)]
  0x00000140c87ae0c0 JavaThread "Monitor Deflation Thread" daemon [_thread_blocked, id=15344, stack(0x000000025be00000,0x000000025bf00000)]
=>0x00000140c87b6420 JavaThread "C2 CompilerThread0" daemon [_thread_in_native, id=6788, stack(0x000000025bf00000,0x000000025c000000)]
  0x00000140c87bc480 JavaThread "C1 CompilerThread0" daemon [_thread_blocked, id=25768, stack(0x000000025c000000,0x000000025c100000)]
  0x00000140c87afb50 JavaThread "Sweeper thread" daemon [_thread_blocked, id=15792, stack(0x000000025c100000,0x000000025c200000)]
  0x00000140c87b1090 JavaThread "Common-Cleaner" daemon [_thread_blocked, id=27392, stack(0x000000025c200000,0x000000025c300000)]
  0x00000140c87af0b0 JavaThread "Monitor Ctrl-Break" daemon [_thread_in_native, id=6512, stack(0x000000025c300000,0x000000025c400000)]
  0x00000140c87b05f0 JavaThread "Notification Thread" daemon [_thread_blocked, id=13860, stack(0x000000025c400000,0x000000025c500000)]
  0x00000140c87adb70 JavaThread "Catalina-utility-1" [_thread_blocked, id=15564, stack(0x000000025d100000,0x000000025d200000)]
  0x00000140ce38eac0 JavaThread "Catalina-utility-2" [_thread_blocked, id=20648, stack(0x000000025d200000,0x000000025d300000)]
  0x00000140ce394fb0 JavaThread "container-0" [_thread_blocked, id=26204, stack(0x000000025d300000,0x000000025d400000)]
  0x00000140ce394a60 JavaThread "BufferPoolPruner-1-thread-1" daemon [_thread_blocked, id=20312, stack(0x000000025d400000,0x000000025d500000)]
  0x00000140ce394510 JavaThread "cluster-ClusterId{value='646aee02e4f3bc6d01581d4a', description='null'}-localhost:27017" daemon [_thread_in_native, id=8300, stack(0x000000025d500000,0x000000025d600000)]
  0x00000140ce395a50 JavaThread "cluster-rtt-ClusterId{value='646aee02e4f3bc6d01581d4a', description='null'}-localhost:27017" daemon [_thread_blocked, id=26096, stack(0x000000025d600000,0x000000025d700000)]
  0x00000140ce391a90 JavaThread "MaintenanceTimer-2-thread-1" daemon [_thread_blocked, id=10660, stack(0x000000025d800000,0x000000025d900000)]
  0x00000140ce390000 JavaThread "spring.cloud.inetutils" daemon [_thread_blocked, id=19188, stack(0x000000025d900000,0x000000025da00000)]
  0x00000140ce393a70 JavaThread "AsyncResolver-bootstrap-0" daemon [_thread_blocked, id=14436, stack(0x000000025da00000,0x000000025db00000)]
  0x00000140ce392fd0 JavaThread "DiscoveryClient-0" daemon [_thread_blocked, id=26428, stack(0x000000025db00000,0x000000025dc00000)]
  0x00000140ce390aa0 JavaThread "DiscoveryClient-1" daemon [_thread_blocked, id=17776, stack(0x000000025dc00000,0x000000025dd00000)]
  0x00000140ce393520 JavaThread "DiscoveryClient-InstanceInfoReplicator-0" daemon [_thread_blocked, id=26260, stack(0x000000025dd00000,0x000000025de00000)]
  0x00000140ce38e570 JavaThread "http-nio-8090-exec-1" daemon [_thread_blocked, id=10820, stack(0x000000025de00000,0x000000025df00000)]
  0x00000140ce391fe0 JavaThread "http-nio-8090-exec-2" daemon [_thread_blocked, id=18084, stack(0x000000025df00000,0x000000025e000000)]
  0x00000140ce38f010 JavaThread "http-nio-8090-exec-3" daemon [_thread_blocked, id=14896, stack(0x000000025e000000,0x000000025e100000)]
  0x00000140ce392530 JavaThread "http-nio-8090-exec-4" daemon [_thread_blocked, id=512, stack(0x000000025e100000,0x000000025e200000)]
  0x00000140ce393fc0 JavaThread "http-nio-8090-exec-5" daemon [_thread_blocked, id=26972, stack(0x000000025e200000,0x000000025e300000)]
  0x00000140ce392a80 JavaThread "http-nio-8090-exec-6" daemon [_thread_in_Java, id=17100, stack(0x000000025e300000,0x000000025e400000)]
  0x00000140ce391540 JavaThread "http-nio-8090-exec-7" daemon [_thread_blocked, id=26544, stack(0x000000025e400000,0x000000025e500000)]
  0x00000140ce38f560 JavaThread "http-nio-8090-exec-8" daemon [_thread_blocked, id=22292, stack(0x000000025e500000,0x000000025e600000)]
  0x00000140ce395500 JavaThread "http-nio-8090-exec-9" daemon [_thread_blocked, id=16472, stack(0x000000025e600000,0x000000025e700000)]
  0x00000140ce38fab0 JavaThread "http-nio-8090-exec-10" daemon [_thread_blocked, id=10332, stack(0x000000025e700000,0x000000025e800000)]
  0x00000140ce390550 JavaThread "http-nio-8090-Poller" daemon [_thread_in_native, id=15064, stack(0x000000025e800000,0x000000025e900000)]
  0x00000140cf7badf0 JavaThread "http-nio-8090-Acceptor" daemon [_thread_in_native, id=22948, stack(0x000000025e900000,0x000000025ea00000)]
  0x00000140cf7b98b0 JavaThread "DestroyJavaVM" [_thread_blocked, id=22008, stack(0x000000025b200000,0x000000025b300000)]
  0x00000140cf7bc880 JavaThread "DiscoveryClient-CacheRefreshExecutor-0" daemon [_thread_blocked, id=13016, stack(0x000000025ec00000,0x000000025ed00000)]
  0x00000140cf7be310 JavaThread "DiscoveryClient-HeartbeatExecutor-0" daemon [_thread_blocked, id=23588, stack(0x000000025ed00000,0x000000025ee00000)]
  0x00000140cf7ec5f0 JavaThread "C2 CompilerThread1" daemon [_thread_in_native, id=21928, stack(0x000000025af00000,0x000000025b000000)]

Other Threads:
  0x00000140c878ceb0 VMThread "VM Thread" [stack: 0x000000025b800000,0x000000025b900000] [id=24660]
  0x00000140ccf8de20 WatcherThread "VM Periodic Task Thread" [stack: 0x000000025c500000,0x000000025c600000] [id=24408]
  0x00000140a8144710 WorkerThread "GC Thread#0" [stack: 0x000000025b300000,0x000000025b400000] [id=27212]
  0x00000140cd2e68d0 WorkerThread "GC Thread#1" [stack: 0x000000025c600000,0x000000025c700000] [id=23604]
  0x00000140cd2e6ba0 WorkerThread "GC Thread#2" [stack: 0x000000025c700000,0x000000025c800000] [id=20704]
  0x00000140cd2e6600 WorkerThread "GC Thread#3" [stack: 0x000000025c800000,0x000000025c900000] [id=21312]
  0x00000140cd2e6060 WorkerThread "GC Thread#4" [stack: 0x000000025c900000,0x000000025ca00000] [id=19928]
  0x00000140cd2e6330 WorkerThread "GC Thread#5" [stack: 0x000000025ca00000,0x000000025cb00000] [id=16292]
  0x00000140cd2e7c80 WorkerThread "GC Thread#6" [stack: 0x000000025cb00000,0x000000025cc00000] [id=9696]
  0x00000140cd2e79b0 WorkerThread "GC Thread#7" [stack: 0x000000025cc00000,0x000000025cd00000] [id=16964]
  0x00000140cd2e7140 WorkerThread "GC Thread#8" [stack: 0x000000025ce00000,0x000000025cf00000] [id=16568]
  0x00000140cd2e7410 WorkerThread "GC Thread#9" [stack: 0x000000025cf00000,0x000000025d000000] [id=22168]
  0x00000140a8154530 ConcurrentGCThread "G1 Main Marker" [stack: 0x000000025b400000,0x000000025b500000] [id=22176]
  0x00000140a8154f60 WorkerThread "G1 Conc#0" [stack: 0x000000025b500000,0x000000025b600000] [id=12228]
  0x00000140cdc43080 WorkerThread "G1 Conc#1" [stack: 0x000000025cd00000,0x000000025ce00000] [id=19992]
  0x00000140cdc468c0 WorkerThread "G1 Conc#2" [stack: 0x000000025d000000,0x000000025d100000] [id=16604]
  0x00000140c8642560 ConcurrentGCThread "G1 Refine#0" [stack: 0x000000025b600000,0x000000025b700000] [id=5656]
  0x00000140a819e080 ConcurrentGCThread "G1 Service" [stack: 0x000000025b700000,0x000000025b800000] [id=27304]

Threads with active compile tasks:
C2 CompilerThread0    75050 8321   !   4       org.springframework.web.servlet.mvc.method.annotation.AbstractMessageConverterMethodProcessor::writeWithMessageConverters (1086 bytes)
C2 CompilerThread1    75050 8325       4       org.springframework.web.servlet.handler.AbstractHandlerMethodMapping::lookupHandlerMethod (385 bytes)

VM state: not at safepoint (normal execution)

VM Mutex/Monitor currently owned by a thread: None

Heap address: 0x000000008a200000, size: 1886 MB, Compressed Oops mode: 32-bit

CDS archive(s) mapped at: [0x0000000800000000-0x0000000800c40000-0x0000000800c40000), size 12845056, SharedBaseAddress: 0x0000000800000000, ArchiveRelocationMode: 0.
Compressed class space mapped at: 0x0000000801000000-0x0000000841000000, reserved size: 1073741824
Narrow klass base: 0x0000000800000000, Narrow klass shift: 0, Narrow klass range: 0x100000000

GC Precious Log:
 CardTable entry size: 512
 Card Set container configuration: InlinePtr #cards 5 size 8 Array Of Cards #cards 12 size 40 Howl #buckets 4 coarsen threshold 1843 Howl Bitmap #cards 512 size 80 coarsen threshold 460 Card regions per heap region 1 cards per card region 2048
 CPUs: 12 total, 12 available
 Memory: 7539M
 Large Page Support: Disabled
 NUMA Support: Disabled
 Compressed Oops: Enabled (32-bit)
 Heap Region Size: 1M
 Heap Min Capacity: 8M
 Heap Initial Capacity: 118M
 Heap Max Capacity: 1886M
 Pre-touch: Disabled
 Parallel Workers: 10
 Concurrent Workers: 3
 Concurrent Refinement Workers: 10
 Periodic GC: Disabled

Heap:
 garbage-first heap   total 122880K, used 33396K [0x000000008a200000, 0x0000000100000000)
  region size 1024K, 9 young (9216K), 3 survivors (3072K)
 Metaspace       used 51309K, committed 51840K, reserved 1114112K
  class space    used 6263K, committed 6528K, reserved 1048576K

Heap Regions: E=young(eden), S=young(survivor), O=old, HS=humongous(starts), HC=humongous(continues), CS=collection set, F=free, OA=open archive, CA=closed archive, TAMS=top-at-mark-start (previous, next)
|   0|0x000000008a200000, 0x000000008a300000, 0x000000008a300000|100%| O|  |TAMS 0x000000008a300000, 0x000000008a200000| Untracked 
|   1|0x000000008a300000, 0x000000008a400000, 0x000000008a400000|100%| O|  |TAMS 0x000000008a400000, 0x000000008a300000| Untracked 
|   2|0x000000008a400000, 0x000000008a500000, 0x000000008a500000|100%| O|  |TAMS 0x000000008a500000, 0x000000008a400000| Untracked 
|   3|0x000000008a500000, 0x000000008a600000, 0x000000008a600000|100%| O|  |TAMS 0x000000008a600000, 0x000000008a500000| Untracked 
|   4|0x000000008a600000, 0x000000008a700000, 0x000000008a700000|100%| O|  |TAMS 0x000000008a700000, 0x000000008a600000| Untracked 
|   5|0x000000008a700000, 0x000000008a800000, 0x000000008a800000|100%| O|  |TAMS 0x000000008a800000, 0x000000008a700000| Untracked 
|   6|0x000000008a800000, 0x000000008a900000, 0x000000008a900000|100%| O|  |TAMS 0x000000008a900000, 0x000000008a800000| Untracked 
|   7|0x000000008a900000, 0x000000008aa00000, 0x000000008aa00000|100%| O|  |TAMS 0x000000008a94f600, 0x000000008a900000| Untracked 
|   8|0x000000008aa00000, 0x000000008ab00000, 0x000000008ab00000|100%| O|  |TAMS 0x000000008ab00000, 0x000000008aa00000| Untracked 
|   9|0x000000008ab00000, 0x000000008ac00000, 0x000000008ac00000|100%| O|  |TAMS 0x000000008ac00000, 0x000000008ab00000| Untracked 
|  10|0x000000008ac00000, 0x000000008ad00000, 0x000000008ad00000|100%| O|  |TAMS 0x000000008ad00000, 0x000000008ac00000| Untracked 
|  11|0x000000008ad00000, 0x000000008ae00000, 0x000000008ae00000|100%| O|  |TAMS 0x000000008ae00000, 0x000000008ad00000| Untracked 
|  12|0x000000008ae00000, 0x000000008af00000, 0x000000008af00000|100%| O|  |TAMS 0x000000008af00000, 0x000000008ae00000| Untracked 
|  13|0x000000008af00000, 0x000000008b000000, 0x000000008b000000|100%| O|  |TAMS 0x000000008b000000, 0x000000008af00000| Untracked 
|  14|0x000000008b000000, 0x000000008b100000, 0x000000008b100000|100%| O|  |TAMS 0x000000008b100000, 0x000000008b000000| Untracked 
|  15|0x000000008b100000, 0x000000008b200000, 0x000000008b200000|100%| O|  |TAMS 0x000000008b100000, 0x000000008b100000| Untracked 
|  16|0x000000008b200000, 0x000000008b300000, 0x000000008b300000|100%| O|  |TAMS 0x000000008b200000, 0x000000008b200000| Untracked 
|  17|0x000000008b300000, 0x000000008b400000, 0x000000008b400000|100%| O|  |TAMS 0x000000008b300000, 0x000000008b300000| Untracked 
|  18|0x000000008b400000, 0x000000008b500000, 0x000000008b500000|100%| O|  |TAMS 0x000000008b400000, 0x000000008b400000| Untracked 
|  19|0x000000008b500000, 0x000000008b600000, 0x000000008b600000|100%| O|  |TAMS 0x000000008b500000, 0x000000008b500000| Untracked 
|  20|0x000000008b600000, 0x000000008b700000, 0x000000008b700000|100%| O|  |TAMS 0x000000008b600000, 0x000000008b600000| Untracked 
|  21|0x000000008b700000, 0x000000008b800000, 0x000000008b800000|100%| O|  |TAMS 0x000000008b700000, 0x000000008b700000| Untracked 
|  22|0x000000008b800000, 0x000000008b900000, 0x000000008b900000|100%| O|  |TAMS 0x000000008b800000, 0x000000008b800000| Untracked 
|  23|0x000000008b900000, 0x000000008ba00000, 0x000000008ba00000|100%| O|  |TAMS 0x000000008b900000, 0x000000008b900000| Untracked 
|  24|0x000000008ba00000, 0x000000008baf4400, 0x000000008bb00000| 95%| O|  |TAMS 0x000000008ba00000, 0x000000008ba00000| Untracked 
|  25|0x000000008bb00000, 0x000000008bb00000, 0x000000008bc00000|  0%| F|  |TAMS 0x000000008bb00000, 0x000000008bb00000| Untracked 
|  26|0x000000008bc00000, 0x000000008bc00000, 0x000000008bd00000|  0%| F|  |TAMS 0x000000008bc00000, 0x000000008bc00000| Untracked 
|  27|0x000000008bd00000, 0x000000008bd00000, 0x000000008be00000|  0%| F|  |TAMS 0x000000008bd00000, 0x000000008bd00000| Untracked 
|  28|0x000000008be00000, 0x000000008be00000, 0x000000008bf00000|  0%| F|  |TAMS 0x000000008be00000, 0x000000008be00000| Untracked 
|  29|0x000000008bf00000, 0x000000008bf00000, 0x000000008c000000|  0%| F|  |TAMS 0x000000008bf00000, 0x000000008bf00000| Untracked 
|  30|0x000000008c000000, 0x000000008c000000, 0x000000008c100000|  0%| F|  |TAMS 0x000000008c000000, 0x000000008c000000| Untracked 
|  31|0x000000008c100000, 0x000000008c100000, 0x000000008c200000|  0%| F|  |TAMS 0x000000008c100000, 0x000000008c100000| Untracked 
|  32|0x000000008c200000, 0x000000008c200000, 0x000000008c300000|  0%| F|  |TAMS 0x000000008c200000, 0x000000008c200000| Untracked 
|  33|0x000000008c300000, 0x000000008c300000, 0x000000008c400000|  0%| F|  |TAMS 0x000000008c300000, 0x000000008c300000| Untracked 
|  34|0x000000008c400000, 0x000000008c400000, 0x000000008c500000|  0%| F|  |TAMS 0x000000008c400000, 0x000000008c400000| Untracked 
|  35|0x000000008c500000, 0x000000008c500000, 0x000000008c600000|  0%| F|  |TAMS 0x000000008c500000, 0x000000008c500000| Untracked 
|  36|0x000000008c600000, 0x000000008c600000, 0x000000008c700000|  0%| F|  |TAMS 0x000000008c600000, 0x000000008c600000| Untracked 
|  37|0x000000008c700000, 0x000000008c700000, 0x000000008c800000|  0%| F|  |TAMS 0x000000008c700000, 0x000000008c700000| Untracked 
|  38|0x000000008c800000, 0x000000008c800000, 0x000000008c900000|  0%| F|  |TAMS 0x000000008c800000, 0x000000008c800000| Untracked 
|  39|0x000000008c900000, 0x000000008c900000, 0x000000008ca00000|  0%| F|  |TAMS 0x000000008c900000, 0x000000008c900000| Untracked 
|  40|0x000000008ca00000, 0x000000008ca00000, 0x000000008cb00000|  0%| F|  |TAMS 0x000000008ca00000, 0x000000008ca00000| Untracked 
|  41|0x000000008cb00000, 0x000000008cb00000, 0x000000008cc00000|  0%| F|  |TAMS 0x000000008cb00000, 0x000000008cb00000| Untracked 
|  42|0x000000008cc00000, 0x000000008cc00000, 0x000000008cd00000|  0%| F|  |TAMS 0x000000008cc00000, 0x000000008cc00000| Untracked 
|  43|0x000000008cd00000, 0x000000008cd00000, 0x000000008ce00000|  0%| F|  |TAMS 0x000000008cd00000, 0x000000008cd00000| Untracked 
|  44|0x000000008ce00000, 0x000000008ce00000, 0x000000008cf00000|  0%| F|  |TAMS 0x000000008ce00000, 0x000000008ce00000| Untracked 
|  45|0x000000008cf00000, 0x000000008cf00000, 0x000000008d000000|  0%| F|  |TAMS 0x000000008cf00000, 0x000000008cf00000| Untracked 
|  46|0x000000008d000000, 0x000000008d000000, 0x000000008d100000|  0%| F|  |TAMS 0x000000008d000000, 0x000000008d000000| Untracked 
|  47|0x000000008d100000, 0x000000008d100000, 0x000000008d200000|  0%| F|  |TAMS 0x000000008d100000, 0x000000008d100000| Untracked 
|  48|0x000000008d200000, 0x000000008d2a8d20, 0x000000008d300000| 65%| S|CS|TAMS 0x000000008d200000, 0x000000008d200000| Complete 
|  49|0x000000008d300000, 0x000000008d400000, 0x000000008d400000|100%| S|CS|TAMS 0x000000008d300000, 0x000000008d300000| Complete 
|  50|0x000000008d400000, 0x000000008d500000, 0x000000008d500000|100%| S|CS|TAMS 0x000000008d400000, 0x000000008d400000| Complete 
|  51|0x000000008d500000, 0x000000008d500000, 0x000000008d600000|  0%| F|  |TAMS 0x000000008d500000, 0x000000008d500000| Untracked 
|  52|0x000000008d600000, 0x000000008d600000, 0x000000008d700000|  0%| F|  |TAMS 0x000000008d600000, 0x000000008d600000| Untracked 
|  53|0x000000008d700000, 0x000000008d700000, 0x000000008d800000|  0%| F|  |TAMS 0x000000008d700000, 0x000000008d700000| Untracked 
|  54|0x000000008d800000, 0x000000008d800000, 0x000000008d900000|  0%| F|  |TAMS 0x000000008d800000, 0x000000008d800000| Untracked 
|  55|0x000000008d900000, 0x000000008d900000, 0x000000008da00000|  0%| F|  |TAMS 0x000000008d900000, 0x000000008d900000| Untracked 
|  56|0x000000008da00000, 0x000000008da00000, 0x000000008db00000|  0%| F|  |TAMS 0x000000008da00000, 0x000000008da00000| Untracked 
|  57|0x000000008db00000, 0x000000008db00000, 0x000000008dc00000|  0%| F|  |TAMS 0x000000008db00000, 0x000000008db00000| Untracked 
|  58|0x000000008dc00000, 0x000000008dc00000, 0x000000008dd00000|  0%| F|  |TAMS 0x000000008dc00000, 0x000000008dc00000| Untracked 
|  59|0x000000008dd00000, 0x000000008dd00000, 0x000000008de00000|  0%| F|  |TAMS 0x000000008dd00000, 0x000000008dd00000| Untracked 
|  60|0x000000008de00000, 0x000000008de00000, 0x000000008df00000|  0%| F|  |TAMS 0x000000008de00000, 0x000000008de00000| Untracked 
|  61|0x000000008df00000, 0x000000008df00000, 0x000000008e000000|  0%| F|  |TAMS 0x000000008df00000, 0x000000008df00000| Untracked 
|  62|0x000000008e000000, 0x000000008e000000, 0x000000008e100000|  0%| F|  |TAMS 0x000000008e000000, 0x000000008e000000| Untracked 
|  63|0x000000008e100000, 0x000000008e100000, 0x000000008e200000|  0%| F|  |TAMS 0x000000008e100000, 0x000000008e100000| Untracked 
|  64|0x000000008e200000, 0x000000008e200000, 0x000000008e300000|  0%| F|  |TAMS 0x000000008e200000, 0x000000008e200000| Untracked 
|  65|0x000000008e300000, 0x000000008e300000, 0x000000008e400000|  0%| F|  |TAMS 0x000000008e300000, 0x000000008e300000| Untracked 
|  66|0x000000008e400000, 0x000000008e400000, 0x000000008e500000|  0%| F|  |TAMS 0x000000008e400000, 0x000000008e400000| Untracked 
|  67|0x000000008e500000, 0x000000008e500000, 0x000000008e600000|  0%| F|  |TAMS 0x000000008e500000, 0x000000008e500000| Untracked 
|  68|0x000000008e600000, 0x000000008e600000, 0x000000008e700000|  0%| F|  |TAMS 0x000000008e600000, 0x000000008e600000| Untracked 
|  69|0x000000008e700000, 0x000000008e700000, 0x000000008e800000|  0%| F|  |TAMS 0x000000008e700000, 0x000000008e700000| Untracked 
|  70|0x000000008e800000, 0x000000008e800000, 0x000000008e900000|  0%| F|  |TAMS 0x000000008e800000, 0x000000008e800000| Untracked 
|  71|0x000000008e900000, 0x000000008e900000, 0x000000008ea00000|  0%| F|  |TAMS 0x000000008e900000, 0x000000008e900000| Untracked 
|  72|0x000000008ea00000, 0x000000008ea00000, 0x000000008eb00000|  0%| F|  |TAMS 0x000000008ea00000, 0x000000008ea00000| Untracked 
|  73|0x000000008eb00000, 0x000000008eb00000, 0x000000008ec00000|  0%| F|  |TAMS 0x000000008eb00000, 0x000000008eb00000| Untracked 
|  74|0x000000008ec00000, 0x000000008ec00000, 0x000000008ed00000|  0%| F|  |TAMS 0x000000008ec00000, 0x000000008ec00000| Untracked 
|  75|0x000000008ed00000, 0x000000008ed00000, 0x000000008ee00000|  0%| F|  |TAMS 0x000000008ed00000, 0x000000008ed00000| Untracked 
|  76|0x000000008ee00000, 0x000000008ee00000, 0x000000008ef00000|  0%| F|  |TAMS 0x000000008ee00000, 0x000000008ee00000| Untracked 
|  77|0x000000008ef00000, 0x000000008ef00000, 0x000000008f000000|  0%| F|  |TAMS 0x000000008ef00000, 0x000000008ef00000| Untracked 
|  78|0x000000008f000000, 0x000000008f000000, 0x000000008f100000|  0%| F|  |TAMS 0x000000008f000000, 0x000000008f000000| Untracked 
|  79|0x000000008f100000, 0x000000008f100000, 0x000000008f200000|  0%| F|  |TAMS 0x000000008f100000, 0x000000008f100000| Untracked 
|  80|0x000000008f200000, 0x000000008f200000, 0x000000008f300000|  0%| F|  |TAMS 0x000000008f200000, 0x000000008f200000| Untracked 
|  81|0x000000008f300000, 0x000000008f300000, 0x000000008f400000|  0%| F|  |TAMS 0x000000008f300000, 0x000000008f300000| Untracked 
|  82|0x000000008f400000, 0x000000008f400000, 0x000000008f500000|  0%| F|  |TAMS 0x000000008f400000, 0x000000008f400000| Untracked 
|  83|0x000000008f500000, 0x000000008f500000, 0x000000008f600000|  0%| F|  |TAMS 0x000000008f500000, 0x000000008f500000| Untracked 
|  84|0x000000008f600000, 0x000000008f600000, 0x000000008f700000|  0%| F|  |TAMS 0x000000008f600000, 0x000000008f600000| Untracked 
|  85|0x000000008f700000, 0x000000008f700000, 0x000000008f800000|  0%| F|  |TAMS 0x000000008f700000, 0x000000008f700000| Untracked 
|  86|0x000000008f800000, 0x000000008f800000, 0x000000008f900000|  0%| F|  |TAMS 0x000000008f800000, 0x000000008f800000| Untracked 
|  87|0x000000008f900000, 0x000000008f900000, 0x000000008fa00000|  0%| F|  |TAMS 0x000000008f900000, 0x000000008f900000| Untracked 
|  88|0x000000008fa00000, 0x000000008fa00000, 0x000000008fb00000|  0%| F|  |TAMS 0x000000008fa00000, 0x000000008fa00000| Untracked 
|  89|0x000000008fb00000, 0x000000008fb00000, 0x000000008fc00000|  0%| F|  |TAMS 0x000000008fb00000, 0x000000008fb00000| Untracked 
|  90|0x000000008fc00000, 0x000000008fc00000, 0x000000008fd00000|  0%| F|  |TAMS 0x000000008fc00000, 0x000000008fc00000| Untracked 
|  91|0x000000008fd00000, 0x000000008fd00000, 0x000000008fe00000|  0%| F|  |TAMS 0x000000008fd00000, 0x000000008fd00000| Untracked 
|  92|0x000000008fe00000, 0x000000008fe00000, 0x000000008ff00000|  0%| F|  |TAMS 0x000000008fe00000, 0x000000008fe00000| Untracked 
|  93|0x000000008ff00000, 0x000000008ff00000, 0x0000000090000000|  0%| F|  |TAMS 0x000000008ff00000, 0x000000008ff00000| Untracked 
|  94|0x0000000090000000, 0x0000000090000000, 0x0000000090100000|  0%| F|  |TAMS 0x0000000090000000, 0x0000000090000000| Untracked 
|  95|0x0000000090100000, 0x0000000090100000, 0x0000000090200000|  0%| F|  |TAMS 0x0000000090100000, 0x0000000090100000| Untracked 
|  96|0x0000000090200000, 0x0000000090200000, 0x0000000090300000|  0%| F|  |TAMS 0x0000000090200000, 0x0000000090200000| Untracked 
|  97|0x0000000090300000, 0x0000000090300000, 0x0000000090400000|  0%| F|  |TAMS 0x0000000090300000, 0x0000000090300000| Untracked 
|  98|0x0000000090400000, 0x0000000090400000, 0x0000000090500000|  0%| F|  |TAMS 0x0000000090400000, 0x0000000090400000| Untracked 
|  99|0x0000000090500000, 0x0000000090500000, 0x0000000090600000|  0%| F|  |TAMS 0x0000000090500000, 0x0000000090500000| Untracked 
| 100|0x0000000090600000, 0x0000000090600000, 0x0000000090700000|  0%| F|  |TAMS 0x0000000090600000, 0x0000000090600000| Untracked 
| 101|0x0000000090700000, 0x0000000090700000, 0x0000000090800000|  0%| F|  |TAMS 0x0000000090700000, 0x0000000090700000| Untracked 
| 102|0x0000000090800000, 0x0000000090800000, 0x0000000090900000|  0%| F|  |TAMS 0x0000000090800000, 0x0000000090800000| Untracked 
| 103|0x0000000090900000, 0x0000000090900000, 0x0000000090a00000|  0%| F|  |TAMS 0x0000000090900000, 0x0000000090900000| Untracked 
| 104|0x0000000090a00000, 0x0000000090a00000, 0x0000000090b00000|  0%| F|  |TAMS 0x0000000090a00000, 0x0000000090a00000| Untracked 
| 105|0x0000000090b00000, 0x0000000090b00000, 0x0000000090c00000|  0%| F|  |TAMS 0x0000000090b00000, 0x0000000090b00000| Untracked 
| 106|0x0000000090c00000, 0x0000000090c00000, 0x0000000090d00000|  0%| F|  |TAMS 0x0000000090c00000, 0x0000000090c00000| Untracked 
| 107|0x0000000090d00000, 0x0000000090d00000, 0x0000000090e00000|  0%| F|  |TAMS 0x0000000090d00000, 0x0000000090d00000| Untracked 
| 108|0x0000000090e00000, 0x0000000090e00000, 0x0000000090f00000|  0%| F|  |TAMS 0x0000000090e00000, 0x0000000090e00000| Untracked 
| 109|0x0000000090f00000, 0x0000000090f00000, 0x0000000091000000|  0%| F|  |TAMS 0x0000000090f00000, 0x0000000090f00000| Untracked 
| 110|0x0000000091000000, 0x0000000091000000, 0x0000000091100000|  0%| F|  |TAMS 0x0000000091000000, 0x0000000091000000| Untracked 
| 111|0x0000000091100000, 0x0000000091100000, 0x0000000091200000|  0%| F|  |TAMS 0x0000000091100000, 0x0000000091100000| Untracked 
| 112|0x0000000091200000, 0x0000000091200000, 0x0000000091300000|  0%| F|  |TAMS 0x0000000091200000, 0x0000000091200000| Untracked 
| 113|0x0000000091300000, 0x0000000091300000, 0x0000000091400000|  0%| F|  |TAMS 0x0000000091300000, 0x0000000091300000| Untracked 
| 114|0x0000000091400000, 0x0000000091453eb0, 0x0000000091500000| 32%| E|  |TAMS 0x0000000091400000, 0x0000000091400000| Complete 
| 115|0x0000000091500000, 0x0000000091600000, 0x0000000091600000|100%| E|CS|TAMS 0x0000000091500000, 0x0000000091500000| Complete 
| 116|0x0000000091600000, 0x0000000091700000, 0x0000000091700000|100%| E|CS|TAMS 0x0000000091600000, 0x0000000091600000| Complete 
| 117|0x0000000091700000, 0x0000000091800000, 0x0000000091800000|100%| E|CS|TAMS 0x0000000091700000, 0x0000000091700000| Complete 
| 118|0x0000000091800000, 0x0000000091900000, 0x0000000091900000|100%| E|CS|TAMS 0x0000000091800000, 0x0000000091800000| Complete 
| 119|0x0000000091900000, 0x0000000091a00000, 0x0000000091a00000|100%| E|CS|TAMS 0x0000000091900000, 0x0000000091900000| Complete 

Card table byte_map: [0x00000140c1850000,0x00000140c1c00000] _byte_map_base: 0x00000140c13ff000

Marking Bits (Prev, Next): (CMBitMap*) 0x00000140a8144d40, (CMBitMap*) 0x00000140a8144d80
 Prev Bits: [0x00000140c1fb0000, 0x00000140c3d28000)
 Next Bits: [0x00000140c3d30000, 0x00000140c5aa8000)

Polling page: 0x00000140b17f0000

Metaspace:

Usage:
  Non-class:     43.99 MB used.
      Class:      6.12 MB used.
       Both:     50.11 MB used.

Virtual space:
  Non-class space:       64.00 MB reserved,      44.25 MB ( 69%) committed,  1 nodes.
      Class space:        1.00 GB reserved,       6.38 MB ( <1%) committed,  1 nodes.
             Both:        1.06 GB reserved,      50.62 MB (  5%) committed. 

Chunk freelists:
   Non-Class:  3.58 MB
       Class:  1.54 MB
        Both:  5.12 MB

MaxMetaspaceSize: unlimited
CompressedClassSpaceSize: 1.00 GB
Initial GC threshold: 21.00 MB
Current GC threshold: 59.00 MB
CDS: on
MetaspaceReclaimPolicy: balanced
 - commit_granule_bytes: 65536.
 - commit_granule_words: 8192.
 - virtual_space_node_default_size: 8388608.
 - enlarge_chunks_in_place: 1.
 - new_chunks_are_fully_committed: 0.
 - uncommit_free_chunks: 1.
 - use_allocation_guard: 0.


Internal statistics:

num_allocs_failed_limit: 6.
num_arena_births: 688.
num_arena_deaths: 0.
num_vsnodes_births: 2.
num_vsnodes_deaths: 0.
num_space_committed: 810.
num_space_uncommitted: 0.
num_chunks_returned_to_freelist: 6.
num_chunks_taken_from_freelist: 2389.
num_chunk_merges: 6.
num_chunk_splits: 1699.
num_chunks_enlarged: 1362.
num_inconsistent_stats: 0.

CodeHeap 'non-profiled nmethods': size=120000Kb used=5127Kb max_used=5127Kb free=114873Kb
 bounds [0x00000140b92e0000, 0x00000140b97f0000, 0x00000140c0810000]
CodeHeap 'profiled nmethods': size=120000Kb used=16457Kb max_used=16457Kb free=103542Kb
 bounds [0x00000140b1810000, 0x00000140b2830000, 0x00000140b8d40000]
CodeHeap 'non-nmethods': size=5760Kb used=1383Kb max_used=1461Kb free=4377Kb
 bounds [0x00000140b8d40000, 0x00000140b8fb0000, 0x00000140b92e0000]
 total_blobs=8162 nmethods=7546 adapters=525
 compilation: enabled
              stopped_count=0, restarted_count=0
 full_count=0

Compilation events (20 events):
Event: 73.760 Thread 0x00000140cf7ec5f0 nmethod 8311 0x00000140b97c2210 code [0x00000140b97c2420, 0x00000140b97c2ee8]
Event: 73.760 Thread 0x00000140cf7ec5f0 8312       4       com.fasterxml.jackson.core.json.UTF8JsonGenerator::writeString (115 bytes)
Event: 73.771 Thread 0x00000140cf7ec5f0 nmethod 8312 0x00000140b97c3890 code [0x00000140b97c3a40, 0x00000140b97c3fa8]
Event: 73.771 Thread 0x00000140cf7ec5f0 8314       4       org.springframework.web.cors.CorsUtils::isPreFlightRequest (43 bytes)
Event: 73.791 Thread 0x00000140cf7ec5f0 nmethod 8314 0x00000140b97c4590 code [0x00000140b97c47a0, 0x00000140b97c5170]
Event: 73.791 Thread 0x00000140cf7ec5f0 8306   !   4       javax.servlet.http.HttpServlet::service (40 bytes)
Event: 73.878 Thread 0x00000140c87b6420 nmethod 8309 0x00000140b97c5710 code [0x00000140b97c59c0, 0x00000140b97c8120]
Event: 73.878 Thread 0x00000140c87b6420 8316       4       java.util.TreeSet::iterator (15 bytes)
Event: 73.888 Thread 0x00000140c87b6420 nmethod 8316 0x00000140b97c9390 code [0x00000140b97c9540, 0x00000140b97c9a18]
Event: 73.888 Thread 0x00000140c87b6420 8315   !   4       org.apache.coyote.http11.Http11OutputBuffer$SocketOutputBuffer::doWrite (88 bytes)
Event: 73.908 Thread 0x00000140c87b6420 nmethod 8315 0x00000140b97c9c10 code [0x00000140b97c9e20, 0x00000140b97caa28]
Event: 73.908 Thread 0x00000140c87b6420 8308       4       java.util.TreeMap::getFirstEntry (26 bytes)
Event: 73.910 Thread 0x00000140c87b6420 nmethod 8308 0x00000140b97cb690 code [0x00000140b97cb820, 0x00000140b97cb8d8]
Event: 73.910 Thread 0x00000140c87b6420 8317       4       org.springframework.web.cors.CorsConfiguration::checkHeaders (194 bytes)
Event: 73.997 Thread 0x00000140c87b6420 nmethod 8317 0x00000140b97cb990 code [0x00000140b97cbc00, 0x00000140b97cd188]
Event: 73.997 Thread 0x00000140c87b6420 8318       4       org.apache.catalina.connector.Response::getResponse (39 bytes)
Event: 73.999 Thread 0x00000140c87b6420 nmethod 8318 0x00000140b97ce210 code [0x00000140b97ce3a0, 0x00000140b97ce4f8]
Event: 74.243 Thread 0x00000140c87b6420 8319   !   4       java.text.SimpleDateFormat::zeroPaddingNumber (270 bytes)
Event: 74.382 Thread 0x00000140c87b6420 nmethod 8319 0x00000140b97ce590 code [0x00000140b97ce8e0, 0x00000140b97d13b8]
Event: 74.382 Thread 0x00000140c87b6420 8321   !   4       org.springframework.web.servlet.mvc.method.annotation.AbstractMessageConverterMethodProcessor::writeWithMessageConverters (1086 bytes)

GC Heap History (20 events):
Event: 4.340 GC heap before
{Heap before GC invocations=4 (full 0):
 garbage-first heap   total 51200K, used 37505K [0x000000008a200000, 0x0000000100000000)
  region size 1024K, 30 young (30720K), 6 survivors (6144K)
 Metaspace       used 25668K, committed 25984K, reserved 1114112K
  class space    used 3192K, committed 3328K, reserved 1048576K
}
Event: 4.355 GC heap after
{Heap after GC invocations=5 (full 0):
 garbage-first heap   total 51200K, used 15317K [0x000000008a200000, 0x0000000100000000)
  region size 1024K, 3 young (3072K), 3 survivors (3072K)
 Metaspace       used 25668K, committed 25984K, reserved 1114112K
  class space    used 3192K, committed 3328K, reserved 1048576K
}
Event: 4.363 GC heap before
{Heap before GC invocations=5 (full 0):
 garbage-first heap   total 51200K, used 16341K [0x000000008a200000, 0x0000000100000000)
  region size 1024K, 4 young (4096K), 3 survivors (3072K)
 Metaspace       used 25688K, committed 26048K, reserved 1114112K
  class space    used 3194K, committed 3328K, reserved 1048576K
}
Event: 4.367 GC heap after
{Heap after GC invocations=6 (full 0):
 garbage-first heap   total 61440K, used 15655K [0x000000008a200000, 0x0000000100000000)
  region size 1024K, 1 young (1024K), 1 survivors (1024K)
 Metaspace       used 25688K, committed 26048K, reserved 1114112K
  class space    used 3194K, committed 3328K, reserved 1048576K
}
Event: 4.890 GC heap before
{Heap before GC invocations=6 (full 0):
 garbage-first heap   total 61440K, used 42279K [0x000000008a200000, 0x0000000100000000)
  region size 1024K, 26 young (26624K), 1 survivors (1024K)
 Metaspace       used 29978K, committed 30400K, reserved 1114112K
  class space    used 3705K, committed 3904K, reserved 1048576K
}
Event: 4.893 GC heap after
{Heap after GC invocations=7 (full 0):
 garbage-first heap   total 61440K, used 17104K [0x000000008a200000, 0x0000000100000000)
  region size 1024K, 2 young (2048K), 2 survivors (2048K)
 Metaspace       used 29978K, committed 30400K, reserved 1114112K
  class space    used 3705K, committed 3904K, reserved 1048576K
}
Event: 5.505 GC heap before
{Heap before GC invocations=7 (full 0):
 garbage-first heap   total 61440K, used 42704K [0x000000008a200000, 0x0000000100000000)
  region size 1024K, 27 young (27648K), 2 survivors (2048K)
 Metaspace       used 35555K, committed 36032K, reserved 1114112K
  class space    used 4519K, committed 4736K, reserved 1048576K
}
Event: 5.512 GC heap after
{Heap after GC invocations=8 (full 0):
 garbage-first heap   total 61440K, used 19773K [0x000000008a200000, 0x0000000100000000)
  region size 1024K, 4 young (4096K), 4 survivors (4096K)
 Metaspace       used 35555K, committed 36032K, reserved 1114112K
  class space    used 4519K, committed 4736K, reserved 1048576K
}
Event: 5.528 GC heap before
{Heap before GC invocations=8 (full 0):
 garbage-first heap   total 61440K, used 19773K [0x000000008a200000, 0x0000000100000000)
  region size 1024K, 5 young (5120K), 4 survivors (4096K)
 Metaspace       used 35690K, committed 36096K, reserved 1114112K
  class space    used 4540K, committed 4736K, reserved 1048576K
}
Event: 5.532 GC heap after
{Heap after GC invocations=9 (full 0):
 garbage-first heap   total 61440K, used 20417K [0x000000008a200000, 0x0000000100000000)
  region size 1024K, 1 young (1024K), 1 survivors (1024K)
 Metaspace       used 35690K, committed 36096K, reserved 1114112K
  class space    used 4540K, committed 4736K, reserved 1048576K
}
Event: 6.140 GC heap before
{Heap before GC invocations=10 (full 0):
 garbage-first heap   total 61440K, used 43969K [0x000000008a200000, 0x0000000100000000)
  region size 1024K, 25 young (25600K), 1 survivors (1024K)
 Metaspace       used 39004K, committed 39488K, reserved 1114112K
  class space    used 4990K, committed 5184K, reserved 1048576K
}
Event: 6.143 GC heap after
{Heap after GC invocations=11 (full 0):
 garbage-first heap   total 61440K, used 22727K [0x000000008a200000, 0x0000000100000000)
  region size 1024K, 3 young (3072K), 3 survivors (3072K)
 Metaspace       used 39004K, committed 39488K, reserved 1114112K
  class space    used 4990K, committed 5184K, reserved 1048576K
}
Event: 6.257 GC heap before
{Heap before GC invocations=11 (full 0):
 garbage-first heap   total 61440K, used 23751K [0x000000008a200000, 0x0000000100000000)
  region size 1024K, 4 young (4096K), 3 survivors (3072K)
 Metaspace       used 39112K, committed 39616K, reserved 1114112K
  class space    used 5005K, committed 5248K, reserved 1048576K
}
Event: 6.261 GC heap after
{Heap after GC invocations=12 (full 0):
 garbage-first heap   total 61440K, used 22571K [0x000000008a200000, 0x0000000100000000)
  region size 1024K, 1 young (1024K), 1 survivors (1024K)
 Metaspace       used 39112K, committed 39616K, reserved 1114112K
  class space    used 5005K, committed 5248K, reserved 1048576K
}
Event: 6.861 GC heap before
{Heap before GC invocations=12 (full 0):
 garbage-first heap   total 61440K, used 44075K [0x000000008a200000, 0x0000000100000000)
  region size 1024K, 23 young (23552K), 1 survivors (1024K)
 Metaspace       used 44905K, committed 45376K, reserved 1114112K
  class space    used 5723K, committed 5952K, reserved 1048576K
}
Event: 6.866 GC heap after
{Heap after GC invocations=13 (full 0):
 garbage-first heap   total 122880K, used 25665K [0x000000008a200000, 0x0000000100000000)
  region size 1024K, 3 young (3072K), 3 survivors (3072K)
 Metaspace       used 44905K, committed 45376K, reserved 1114112K
  class space    used 5723K, committed 5952K, reserved 1048576K
}
Event: 60.899 GC heap before
{Heap before GC invocations=13 (full 0):
 garbage-first heap   total 122880K, used 91201K [0x000000008a200000, 0x0000000100000000)
  region size 1024K, 68 young (69632K), 3 survivors (3072K)
 Metaspace       used 51283K, committed 51840K, reserved 1114112K
  class space    used 6261K, committed 6528K, reserved 1048576K
}
Event: 60.925 GC heap after
{Heap after GC invocations=14 (full 0):
 garbage-first heap   total 122880K, used 27985K [0x000000008a200000, 0x0000000100000000)
  region size 1024K, 6 young (6144K), 6 survivors (6144K)
 Metaspace       used 51283K, committed 51840K, reserved 1114112K
  class space    used 6261K, committed 6528K, reserved 1048576K
}
Event: 69.772 GC heap before
{Heap before GC invocations=14 (full 0):
 garbage-first heap   total 122880K, used 89425K [0x000000008a200000, 0x0000000100000000)
  region size 1024K, 66 young (67584K), 6 survivors (6144K)
 Metaspace       used 51304K, committed 51840K, reserved 1114112K
  class space    used 6263K, committed 6528K, reserved 1048576K
}
Event: 69.801 GC heap after
{Heap after GC invocations=15 (full 0):
 garbage-first heap   total 122880K, used 28356K [0x000000008a200000, 0x0000000100000000)
  region size 1024K, 3 young (3072K), 3 survivors (3072K)
 Metaspace       used 51304K, committed 51840K, reserved 1114112K
  class space    used 6263K, committed 6528K, reserved 1048576K
}

Dll operation events (14 events):
Event: 0.018 Loaded shared library C:\Program Files\Java\jdk-19\bin\java.dll
Event: 0.028 Loaded shared library C:\Program Files\Java\jdk-19\bin\jsvml.dll
Event: 0.212 Loaded shared library C:\Program Files\Java\jdk-19\bin\zip.dll
Event: 0.220 Loaded shared library C:\Program Files\Java\jdk-19\bin\instrument.dll
Event: 0.236 Loaded shared library C:\Program Files\Java\jdk-19\bin\net.dll
Event: 0.239 Loaded shared library C:\Program Files\Java\jdk-19\bin\nio.dll
Event: 0.246 Loaded shared library C:\Program Files\Java\jdk-19\bin\zip.dll
Event: 0.455 Loaded shared library C:\Users\Aswin\AppData\Local\JetBrains\Toolbox\apps\IDEA-C\ch-0\223.8214.52\bin\breakgen64.dll
Event: 0.465 Loaded shared library C:\Program Files\Java\jdk-19\bin\extnet.dll
Event: 0.532 Loaded shared library C:\Program Files\Java\jdk-19\bin\verify.dll
Event: 0.536 Loaded shared library C:\Program Files\Java\jdk-19\bin\jimage.dll
Event: 1.670 Loaded shared library C:\Program Files\Java\jdk-19\bin\management.dll
Event: 1.674 Loaded shared library C:\Program Files\Java\jdk-19\bin\management_ext.dll
Event: 4.701 Loaded shared library C:\Program Files\Java\jdk-19\bin\sunmscapi.dll

Deoptimization events (20 events):
Event: 72.343 Thread 0x00000140ce391fe0 Uncommon trap: trap_request=0xffffffbe fr.pc=0x00000140b97ae1cc relative=0x000000000000070c
Event: 72.343 Thread 0x00000140ce391fe0 Uncommon trap: reason=profile_predicate action=maybe_recompile pc=0x00000140b97ae1cc method=ch.qos.logback.classic.pattern.TargetLengthBasedClassNameAbbreviator.abbreviate(Ljava/lang/String;)Ljava/lang/String; @ 86 c2
Event: 72.343 Thread 0x00000140ce391fe0 DEOPT PACKING pc=0x00000140b97ae1cc sp=0x000000025dffc430
Event: 72.343 Thread 0x00000140ce391fe0 DEOPT UNPACKING pc=0x00000140b8da6da3 sp=0x000000025dffc3e8 mode 2
Event: 72.345 Thread 0x00000140ce38f010 Uncommon trap: trap_request=0xffffffbe fr.pc=0x00000140b97ae1cc relative=0x000000000000070c
Event: 72.345 Thread 0x00000140ce391540 Uncommon trap: trap_request=0xffffffbe fr.pc=0x00000140b97ae1cc relative=0x000000000000070c
Event: 72.345 Thread 0x00000140ce391540 Uncommon trap: reason=profile_predicate action=maybe_recompile pc=0x00000140b97ae1cc method=ch.qos.logback.classic.pattern.TargetLengthBasedClassNameAbbreviator.abbreviate(Ljava/lang/String;)Ljava/lang/String; @ 86 c2
Event: 72.345 Thread 0x00000140ce38f010 Uncommon trap: reason=profile_predicate action=maybe_recompile pc=0x00000140b97ae1cc method=ch.qos.logback.classic.pattern.TargetLengthBasedClassNameAbbreviator.abbreviate(Ljava/lang/String;)Ljava/lang/String; @ 86 c2
Event: 72.345 Thread 0x00000140ce392530 Uncommon trap: trap_request=0xffffffbe fr.pc=0x00000140b97ae1cc relative=0x000000000000070c
Event: 72.345 Thread 0x00000140ce392a80 Uncommon trap: trap_request=0xffffffbe fr.pc=0x00000140b97ae1cc relative=0x000000000000070c
Event: 72.345 Thread 0x00000140ce392530 Uncommon trap: reason=profile_predicate action=maybe_recompile pc=0x00000140b97ae1cc method=ch.qos.logback.classic.pattern.TargetLengthBasedClassNameAbbreviator.abbreviate(Ljava/lang/String;)Ljava/lang/String; @ 86 c2
Event: 72.345 Thread 0x00000140ce391540 DEOPT PACKING pc=0x00000140b97ae1cc sp=0x000000025e4fcb00
Event: 72.345 Thread 0x00000140ce38f010 DEOPT PACKING pc=0x00000140b97ae1cc sp=0x000000025e0fc5c0
Event: 72.345 Thread 0x00000140ce391540 DEOPT UNPACKING pc=0x00000140b8da6da3 sp=0x000000025e4fcab8 mode 2
Event: 72.345 Thread 0x00000140ce392a80 Uncommon trap: reason=profile_predicate action=maybe_recompile pc=0x00000140b97ae1cc method=ch.qos.logback.classic.pattern.TargetLengthBasedClassNameAbbreviator.abbreviate(Ljava/lang/String;)Ljava/lang/String; @ 86 c2
Event: 72.345 Thread 0x00000140ce38f010 DEOPT UNPACKING pc=0x00000140b8da6da3 sp=0x000000025e0fc578 mode 2
Event: 72.345 Thread 0x00000140ce392530 DEOPT PACKING pc=0x00000140b97ae1cc sp=0x000000025e1fc770
Event: 72.345 Thread 0x00000140ce392a80 DEOPT PACKING pc=0x00000140b97ae1cc sp=0x000000025e3fc9d0
Event: 72.345 Thread 0x00000140ce392530 DEOPT UNPACKING pc=0x00000140b8da6da3 sp=0x000000025e1fc728 mode 2
Event: 72.345 Thread 0x00000140ce392a80 DEOPT UNPACKING pc=0x00000140b8da6da3 sp=0x000000025e3fc988 mode 2

Classes loaded (20 events):
Event: 47.060 Loading class javax/xml/datatype/FactoryFinder
Event: 47.060 Loading class javax/xml/datatype/FactoryFinder done
Event: 47.062 Loading class javax/xml/datatype/FactoryFinder$1
Event: 47.063 Loading class javax/xml/datatype/FactoryFinder$1 done
Event: 47.066 Loading class com/sun/org/apache/xerces/internal/jaxp/datatype/DatatypeFactoryImpl
Event: 47.067 Loading class com/sun/org/apache/xerces/internal/jaxp/datatype/DatatypeFactoryImpl done
Event: 47.076 Loading class sun/reflect/Reflection
Event: 47.076 Loading class sun/reflect/Reflection done
Event: 47.079 Loading class jdk/internal/loader/BootLoader$PackageHelper
Event: 47.080 Loading class jdk/internal/loader/BootLoader$PackageHelper done
Event: 47.164 Loading class java/util/stream/LongStream
Event: 47.165 Loading class java/util/stream/LongStream done
Event: 47.165 Loading class java/util/stream/DoubleStream
Event: 47.165 Loading class java/util/stream/DoubleStream done
Event: 51.644 Loading class java/lang/foreign/MemorySegment
Event: 51.645 Loading class java/lang/foreign/Addressable
Event: 51.645 Loading class java/lang/foreign/Addressable done
Event: 51.645 Loading class java/lang/foreign/MemorySegment done
Event: 60.306 Loading class sun/util/locale/LocaleExtensions
Event: 60.307 Loading class sun/util/locale/LocaleExtensions done

Classes unloaded (0 events):
No events

Classes redefined (0 events):
No events

Internal exceptions (20 events):
Event: 6.090 Thread 0x00000140a80e8650 Exception <a 'java/lang/ClassNotFoundException'{0x000000008c9b1328}: org/springframework/aop/framework/AopInfrastructureBeanCustomizer> (0x000000008c9b1328) 
thrown [s\open\src\hotspot\share\classfile\systemDictionary.cpp, line 255]
Event: 6.097 Thread 0x00000140a80e8650 Exception <a 'java/lang/NoSuchMethodError'{0x000000008c83e6b8}: 'void java.lang.invoke.DirectMethodHandle$Holder.invokeInterface(java.lang.Object, java.lang.Object, int, java.lang.Object)'> (0x000000008c83e6b8) 
thrown [s\open\src\hotspot\share\interpreter\linkResolver.cpp, line 774]
Event: 6.097 Thread 0x00000140a80e8650 Exception <a 'java/lang/NoSuchMethodError'{0x000000008c842338}: 'void java.lang.invoke.DelegatingMethodHandle$Holder.reinvoke_L(java.lang.Object, java.lang.Object, int, java.lang.Object)'> (0x000000008c842338) 
thrown [s\open\src\hotspot\share\interpreter\linkResolver.cpp, line 774]
Event: 6.323 Thread 0x00000140a80e8650 Exception <a 'java/lang/NoSuchMethodError'{0x000000008e241408}: 'java.lang.Object java.lang.invoke.DirectMethodHandle$Holder.invokeSpecial(java.lang.Object, java.lang.Object, int, java.lang.Object, int, java.lang.Object)'> (0x000000008e241408) 
thrown [s\open\src\hotspot\share\interpreter\linkResolver.cpp, line 774]
Event: 6.323 Thread 0x00000140a80e8650 Exception <a 'java/lang/NoSuchMethodError'{0x000000008e249438}: 'java.lang.Object java.lang.invoke.DirectMethodHandle$Holder.newInvokeSpecial(java.lang.Object, java.lang.Object, int, java.lang.Object, int)'> (0x000000008e249438) 
thrown [s\open\src\hotspot\share\interpreter\linkResolver.cpp, line 774]
Event: 6.324 Thread 0x00000140a80e8650 Exception <a 'java/lang/NoSuchMethodError'{0x000000008e24d550}: 'java.lang.Object java.lang.invoke.DirectMethodHandle$Holder.invokeSpecial(java.lang.Object, java.lang.Object, java.lang.Object, int, java.lang.Object, int)'> (0x000000008e24d550) 
thrown [s\open\src\hotspot\share\interpreter\linkResolver.cpp, line 774]
Event: 6.328 Thread 0x00000140a80e8650 Exception <a 'java/lang/NoSuchMethodError'{0x000000008e2646c0}: 'java.lang.Object java.lang.invoke.DirectMethodHandle$Holder.invokeVirtual(java.lang.Object, java.lang.Object, java.lang.Object, java.lang.Object, java.lang.Object, java.lang.Object)'> (0x000000008e2646c0) 
thrown [s\open\src\hotspot\share\interpreter\linkResolver.cpp, line 774]
Event: 6.384 Thread 0x00000140a80e8650 Exception <a 'java/lang/IncompatibleClassChangeError'{0x000000008e033200}: Found class java.lang.Object, but interface was expected> (0x000000008e033200) 
thrown [s\open\src\hotspot\share\interpreter\linkResolver.cpp, line 841]
Event: 6.464 Thread 0x00000140a80e8650 Implicit null exception at 0x00000140b94d911f to 0x00000140b94d933b
Event: 6.599 Thread 0x00000140a80e8650 Exception <a 'sun/nio/fs/WindowsException'{0x000000008d06ba20}> (0x000000008d06ba20) 
thrown [s\open\src\hotspot\share\prims\jni.cpp, line 517]
Event: 7.042 Thread 0x00000140a80e8650 Exception <a 'java/lang/NoSuchMethodError'{0x00000000914cf3d8}: 'long java.lang.invoke.DirectMethodHandle$Holder.invokeStatic(java.lang.Object, java.lang.Object, int)'> (0x00000000914cf3d8) 
thrown [s\open\src\hotspot\share\interpreter\linkResolver.cpp, line 774]
Event: 7.044 Thread 0x00000140a80e8650 Exception <a 'java/lang/NoSuchMethodError'{0x00000000914db458}: 'java.lang.Object java.lang.invoke.DelegatingMethodHandle$Holder.reinvoke_L(java.lang.Object, int, int, long, java.lang.Object, long, long, long)'> (0x00000000914db458) 
thrown [s\open\src\hotspot\share\interpreter\linkResolver.cpp, line 774]
Event: 7.047 Thread 0x00000140a80e8650 Exception <a 'java/lang/NoSuchMethodError'{0x00000000913016e8}: 'java.lang.Object java.lang.invoke.DelegatingMethodHandle$Holder.reinvoke_L(java.lang.Object, java.lang.Object, java.lang.Object, java.lang.Object, java.lang.Object, java.lang.Object, java.lang.Object, java.lang.Object, java.lang.Object, java.lang.Object, java.lang.Object, java.lang.Object, java.lang.Object, java.lang.Object, int, java.lang.Object, java.lang.Object, java.lang.Object, java.lang.Object, java.lang.Object, java.lang.Object, java.l
Event: 7.053 Thread 0x00000140a80e8650 Exception <a 'java/lang/NoSuchMethodError'{0x0000000091357670}: 'java.lang.Object java.lang.invoke.DirectMethodHandle$Holder.invokeStatic(java.lang.Object, java.lang.Object, java.lang.Object, java.lang.Object, java.lang.Object, java.lang.Object, java.lang.Object, java.lang.Object, java.lang.Object, java.lang.Object, java.lang.Object, java.lang.Object, java.lang.Object)'> (0x0000000091357670) 
thrown [s\open\src\hotspot\share\interpreter\linkResolver.cpp, line 774]
Event: 7.055 Thread 0x00000140a80e8650 Exception <a 'java/lang/NoSuchMethodError'{0x0000000091379fa8}: 'java.lang.Object java.lang.invoke.DirectMethodHandle$Holder.invokeStatic(java.lang.Object, java.lang.Object, java.lang.Object, java.lang.Object, java.lang.Object, java.lang.Object, java.lang.Object, java.lang.Object, java.lang.Object, java.lang.Object, java.lang.Object, java.lang.Object, java.lang.Object, java.lang.Object)'> (0x0000000091379fa8) 
thrown [s\open\src\hotspot\share\interpreter\linkResolver.cpp, line 774]
Event: 7.057 Thread 0x00000140a80e8650 Exception <a 'java/lang/NoSuchMethodError'{0x0000000091390988}: 'java.lang.Object java.lang.invoke.DelegatingMethodHandle$Holder.reinvoke_L(java.lang.Object, java.lang.Object, java.lang.Object, java.lang.Object, java.lang.Object, java.lang.Object, java.lang.Object, java.lang.Object, java.lang.Object, java.lang.Object, java.lang.Object, java.lang.Object, java.lang.Object, java.lang.Object, java.lang.Object, java.lang.Object, java.lang.Object, java.lang.Object, java.lang.Object, java.lang.Object, java.lang.O
Event: 47.076 Thread 0x00000140ce392530 Exception <a 'java/lang/NoClassDefFoundError'{0x00000000908c8758}: sun/reflect/Reflection> (0x00000000908c8758) 
thrown [s\open\src\hotspot\share\classfile\systemDictionary.cpp, line 244]
Event: 47.147 Thread 0x00000140ce392530 Implicit null exception at 0x00000140b94bcb7b to 0x00000140b94bcbf0
Event: 67.173 Thread 0x00000140cf7be310 Implicit null exception at 0x00000140b96b7305 to 0x00000140b96b769c
Event: 67.173 Thread 0x00000140cf7bc880 Implicit null exception at 0x00000140b96b7305 to 0x00000140b96b769c

VM Operations (20 events):
Event: 64.966 Executing VM operation: Cleanup
Event: 64.966 Executing VM operation: Cleanup done
Event: 65.977 Executing VM operation: Cleanup
Event: 65.977 Executing VM operation: Cleanup done
Event: 66.987 Executing VM operation: Cleanup
Event: 66.987 Executing VM operation: Cleanup done
Event: 68.001 Executing VM operation: Cleanup
Event: 68.001 Executing VM operation: Cleanup done
Event: 69.014 Executing VM operation: Cleanup
Event: 69.014 Executing VM operation: Cleanup done
Event: 69.771 Executing VM operation: G1CollectForAllocation
Event: 69.801 Executing VM operation: G1CollectForAllocation done
Event: 70.816 Executing VM operation: Cleanup
Event: 70.817 Executing VM operation: Cleanup done
Event: 71.824 Executing VM operation: Cleanup
Event: 71.824 Executing VM operation: Cleanup done
Event: 72.836 Executing VM operation: Cleanup
Event: 72.836 Executing VM operation: Cleanup done
Event: 73.849 Executing VM operation: Cleanup
Event: 73.850 Executing VM operation: Cleanup done

Events (20 events):
Event: 39.142 Thread 0x00000140cdb06f30 Thread exited: 0x00000140cdb06f30
Event: 46.916 Thread 0x00000140cdb06f30 Thread added: 0x00000140cdb06f30
Event: 48.153 Thread 0x00000140cdb06f30 Thread exited: 0x00000140cdb06f30
Event: 51.645 Thread 0x00000140cdb06f30 Thread added: 0x00000140cdb06f30
Event: 55.092 Thread 0x00000140cdb06f30 Thread exited: 0x00000140cdb06f30
Event: 59.650 Thread 0x00000140ce23c2e0 Thread added: 0x00000140ce23c2e0
Event: 60.336 Thread 0x00000140c87afb50 flushing nmethod 0x00000140b2017310
Event: 60.337 Thread 0x00000140c87afb50 flushing nmethod 0x00000140b20c9b90
Event: 60.337 Thread 0x00000140c87afb50 flushing nmethod 0x00000140b20f5e90
Event: 60.340 Thread 0x00000140c87afb50 flushing nmethod 0x00000140b2342690
Event: 61.557 Thread 0x00000140ce23c2e0 Thread exited: 0x00000140ce23c2e0
Event: 62.808 Thread 0x00000140ce2d8f10 Thread added: 0x00000140ce2d8f10
Event: 62.953 Thread 0x00000140ce2d8f10 Thread exited: 0x00000140ce2d8f10
Event: 63.884 Thread 0x00000140ce2d8f10 Thread added: 0x00000140ce2d8f10
Event: 64.682 Thread 0x00000140ce2d8f10 Thread exited: 0x00000140ce2d8f10
Event: 64.956 Thread 0x00000140ce2d8f10 Thread added: 0x00000140ce2d8f10
Event: 66.232 Thread 0x00000140ce2d8f10 Thread exited: 0x00000140ce2d8f10
Event: 71.052 Thread 0x00000140cfd6db50 Thread added: 0x00000140cfd6db50
Event: 71.918 Thread 0x00000140cfd6db50 Thread exited: 0x00000140cfd6db50
Event: 73.732 Thread 0x00000140cf7ec5f0 Thread added: 0x00000140cf7ec5f0


Dynamic libraries:
0x00007ff6789a0000 - 0x00007ff6789b0000 	C:\Program Files\Java\jdk-19\bin\java.exe
0x00007ffff19b0000 - 0x00007ffff1bc4000 	C:\WINDOWS\SYSTEM32\ntdll.dll
0x00007ffff01b0000 - 0x00007ffff0272000 	C:\WINDOWS\System32\KERNEL32.DLL
0x00007fffeee20000 - 0x00007fffef1c3000 	C:\WINDOWS\System32\KERNELBASE.dll
0x00007fffef1d0000 - 0x00007fffef2e1000 	C:\WINDOWS\System32\ucrtbase.dll
0x00007fffc37d0000 - 0x00007fffc37e8000 	C:\Program Files\Java\jdk-19\bin\jli.dll
0x00007fffc3330000 - 0x00007fffc334b000 	C:\Program Files\Java\jdk-19\bin\VCRUNTIME140.dll
0x00007fffeff50000 - 0x00007fffefffe000 	C:\WINDOWS\System32\ADVAPI32.dll
0x00007ffff02d0000 - 0x00007ffff0377000 	C:\WINDOWS\System32\msvcrt.dll
0x00007ffff18c0000 - 0x00007ffff1964000 	C:\WINDOWS\System32\sechost.dll
0x00007ffff1720000 - 0x00007ffff1837000 	C:\WINDOWS\System32\RPCRT4.dll
0x00007ffff1350000 - 0x00007ffff14fb000 	C:\WINDOWS\System32\USER32.dll
0x00007fffd1db0000 - 0x00007fffd203f000 	C:\WINDOWS\WinSxS\amd64_microsoft.windows.common-controls_6595b64144ccf1df_6.0.23451.1000_none_eb02a5e418fa443a\COMCTL32.dll
0x00007fffef630000 - 0x00007fffef656000 	C:\WINDOWS\System32\win32u.dll
0x00007fffefa00000 - 0x00007fffefa29000 	C:\WINDOWS\System32\GDI32.dll
0x00007fffef660000 - 0x00007fffef773000 	C:\WINDOWS\System32\gdi32full.dll
0x00007fffef2f0000 - 0x00007fffef38a000 	C:\WINDOWS\System32\msvcp_win.dll
0x00007fffe6db0000 - 0x00007fffe6dba000 	C:\WINDOWS\SYSTEM32\VERSION.dll
0x00007fffefeb0000 - 0x00007fffefee1000 	C:\WINDOWS\System32\IMM32.DLL
0x00007fffc6c10000 - 0x00007fffc6c1c000 	C:\Program Files\Java\jdk-19\bin\vcruntime140_1.dll
0x00007fff83060000 - 0x00007fff830ee000 	C:\Program Files\Java\jdk-19\bin\msvcp140.dll
0x00007fff665e0000 - 0x00007fff672a0000 	C:\Program Files\Java\jdk-19\bin\server\jvm.dll
0x00007fffe8150000 - 0x00007fffe8184000 	C:\WINDOWS\SYSTEM32\WINMM.dll
0x00007fffd2f40000 - 0x00007fffd2f49000 	C:\WINDOWS\SYSTEM32\WSOCK32.dll
0x00007ffff1840000 - 0x00007ffff18b1000 	C:\WINDOWS\System32\WS2_32.dll
0x00007fffedd60000 - 0x00007fffedd78000 	C:\WINDOWS\SYSTEM32\kernel.appcore.dll
0x00007fffc6ab0000 - 0x00007fffc6aba000 	C:\Program Files\Java\jdk-19\bin\jimage.dll
0x00007fffdc320000 - 0x00007fffdc54e000 	C:\WINDOWS\SYSTEM32\DBGHELP.DLL
0x00007ffff0f80000 - 0x00007ffff1309000 	C:\WINDOWS\System32\combase.dll
0x00007fffef880000 - 0x00007fffef957000 	C:\WINDOWS\System32\OLEAUT32.dll
0x00007fffcec60000 - 0x00007fffcec92000 	C:\WINDOWS\SYSTEM32\dbgcore.DLL
0x00007fffeeda0000 - 0x00007fffeee1b000 	C:\WINDOWS\System32\bcryptPrimitives.dll
0x00007fffec120000 - 0x00007fffec12e000 	C:\Program Files\Java\jdk-19\bin\instrument.dll
0x00007fffac680000 - 0x00007fffac6a6000 	C:\Program Files\Java\jdk-19\bin\java.dll
0x00007fff71b20000 - 0x00007fff71bf7000 	C:\Program Files\Java\jdk-19\bin\jsvml.dll
0x00007ffff0630000 - 0x00007ffff0e4b000 	C:\WINDOWS\System32\SHELL32.dll
0x00007fffecd40000 - 0x00007fffed627000 	C:\WINDOWS\SYSTEM32\windows.storage.dll
0x00007fffecc00000 - 0x00007fffecd3e000 	C:\WINDOWS\SYSTEM32\wintypes.dll
0x00007ffff0000000 - 0x00007ffff00f3000 	C:\WINDOWS\System32\SHCORE.dll
0x00007ffff0520000 - 0x00007ffff057e000 	C:\WINDOWS\System32\shlwapi.dll
0x00007fffeecd0000 - 0x00007fffeecf1000 	C:\WINDOWS\SYSTEM32\profapi.dll
0x00007fffbbf50000 - 0x00007fffbbf68000 	C:\Program Files\Java\jdk-19\bin\zip.dll
0x00007fffc1e10000 - 0x00007fffc1e23000 	C:\Program Files\Java\jdk-19\bin\net.dll
0x00007fffe8010000 - 0x00007fffe8147000 	C:\WINDOWS\SYSTEM32\WINHTTP.dll
0x00007fffee240000 - 0x00007fffee2a9000 	C:\WINDOWS\system32\mswsock.dll
0x00007fffc02c0000 - 0x00007fffc02d6000 	C:\Program Files\Java\jdk-19\bin\nio.dll
0x00007fffe98a0000 - 0x00007fffe98ba000 	C:\Users\Aswin\AppData\Local\JetBrains\Toolbox\apps\IDEA-C\ch-0\223.8214.52\bin\breakgen64.dll
0x00007fffc68f0000 - 0x00007fffc68f8000 	C:\Program Files\Java\jdk-19\bin\extnet.dll
0x00007fffc57f0000 - 0x00007fffc5800000 	C:\Program Files\Java\jdk-19\bin\verify.dll
0x00007fffed880000 - 0x00007fffed8ad000 	C:\WINDOWS\SYSTEM32\IPHLPAPI.DLL
0x00007ffff1310000 - 0x00007ffff1319000 	C:\WINDOWS\System32\NSI.dll
0x00007fffe81a0000 - 0x00007fffe81b9000 	C:\WINDOWS\SYSTEM32\dhcpcsvc6.DLL
0x00007fffe7f20000 - 0x00007fffe7f3f000 	C:\WINDOWS\SYSTEM32\dhcpcsvc.DLL
0x00007fffed8f0000 - 0x00007fffed9e3000 	C:\WINDOWS\SYSTEM32\DNSAPI.dll
0x00007fffd57e0000 - 0x00007fffd57ea000 	C:\Windows\System32\rasadhlp.dll
0x00007fffe7090000 - 0x00007fffe7113000 	C:\WINDOWS\System32\fwpuclnt.dll
0x00007fffe81e0000 - 0x00007fffe81ea000 	C:\Program Files\Java\jdk-19\bin\management.dll
0x00007fffdd180000 - 0x00007fffdd18b000 	C:\Program Files\Java\jdk-19\bin\management_ext.dll
0x00007ffff1320000 - 0x00007ffff1328000 	C:\WINDOWS\System32\PSAPI.DLL
0x00007fffcded0000 - 0x00007fffcdee7000 	C:\WINDOWS\system32\napinsp.dll
0x00007fffcde90000 - 0x00007fffcdeab000 	C:\WINDOWS\system32\pnrpnsp.dll
0x00007fffcde70000 - 0x00007fffcde81000 	C:\WINDOWS\System32\winrnr.dll
0x00007fffcde50000 - 0x00007fffcde65000 	C:\WINDOWS\system32\wshbth.dll
0x00007fffcde20000 - 0x00007fffcde41000 	C:\WINDOWS\system32\nlansp_c.dll
0x00007fffee4c0000 - 0x00007fffee4db000 	C:\WINDOWS\SYSTEM32\CRYPTSP.dll
0x00007fffedd20000 - 0x00007fffedd55000 	C:\WINDOWS\system32\rsaenh.dll
0x00007fffee360000 - 0x00007fffee388000 	C:\WINDOWS\SYSTEM32\USERENV.dll
0x00007fffee680000 - 0x00007fffee6a8000 	C:\WINDOWS\SYSTEM32\bcrypt.dll
0x00007fffee4e0000 - 0x00007fffee4ec000 	C:\WINDOWS\SYSTEM32\CRYPTBASE.dll
0x00007fffdd170000 - 0x00007fffdd17e000 	C:\Program Files\Java\jdk-19\bin\sunmscapi.dll
0x00007fffef390000 - 0x00007fffef4f6000 	C:\WINDOWS\System32\CRYPT32.dll
0x00007fffee650000 - 0x00007fffee67e000 	C:\WINDOWS\SYSTEM32\ncrypt.dll
0x00007fffee610000 - 0x00007fffee647000 	C:\WINDOWS\SYSTEM32\NTASN1.dll
0x00007fffd86f0000 - 0x00007fffd86f8000 	C:\WINDOWS\system32\wshunix.dll

dbghelp: loaded successfully - version: 4.0.5 - missing functions: none
symbol engine: initialized successfully - sym options: 0x614 - pdb path: .;C:\Program Files\Java\jdk-19\bin;C:\WINDOWS\SYSTEM32;C:\WINDOWS\WinSxS\amd64_microsoft.windows.common-controls_6595b64144ccf1df_6.0.23451.1000_none_eb02a5e418fa443a;C:\Program Files\Java\jdk-19\bin\server;C:\Users\Aswin\AppData\Local\JetBrains\Toolbox\apps\IDEA-C\ch-0\223.8214.52\bin

VM Arguments:
jvm_args: -javaagent:C:\Users\Aswin\AppData\Local\JetBrains\Toolbox\apps\IDEA-C\ch-0\223.8214.52\lib\idea_rt.jar=65141:C:\Users\Aswin\AppData\Local\JetBrains\Toolbox\apps\IDEA-C\ch-0\223.8214.52\bin -Dfile.encoding=UTF-8 -Dsun.stdout.encoding=UTF-8 -Dsun.stderr.encoding=UTF-8 
java_command: com.project.userService.UserServiceApplication
java_class_path (initial): F:\CAPSTONE PROJECT- FOODIE APP\FoodieAppBE\userService\target\classes;C:\Users\Aswin\.m2\repository\javax\xml\bind\jaxb-api\2.3.1\jaxb-api-2.3.1.jar;C:\Users\Aswin\.m2\repository\javax\activation\javax.activation-api\1.2.0\javax.activation-api-1.2.0.jar;C:\Users\Aswin\.m2\repository\io\jsonwebtoken\jjwt\0.9.1\jjwt-0.9.1.jar;C:\Users\Aswin\.m2\repository\com\fasterxml\jackson\core\jackson-databind\2.13.4.2\jackson-databind-2.13.4.2.jar;C:\Users\Aswin\.m2\repository\com\fasterxml\jackson\core\jackson-annotations\2.13.4\jackson-annotations-2.13.4.jar;C:\Users\Aswin\.m2\repository\com\fasterxml\jackson\core\jackson-core\2.13.4\jackson-core-2.13.4.jar;C:\Users\Aswin\.m2\repository\org\springframework\boot\spring-boot-starter-data-mongodb\2.7.5\spring-boot-starter-data-mongodb-2.7.5.jar;C:\Users\Aswin\.m2\repository\org\springframework\boot\spring-boot-starter\2.7.5\spring-boot-starter-2.7.5.jar;C:\Users\Aswin\.m2\repository\org\springframework\boot\spring-boot\2.7.5\spring-boot-2.7.5.jar;C:\Users\Aswin\.m2\repository\org\springframework\boot\spring-boot-autoconfigure\2.7.5\spring-boot-autoconfigure-2.7.5.jar;C:\Users\Aswin\.m2\repository\org\springframework\boot\spring-boot-starter-logging\2.7.5\spring-boot-starter-logging-2.7.5.jar;C:\Users\Aswin\.m2\repository\ch\qos\logback\logback-classic\1.2.11\logback-classic-1.2.11.jar;C:\Users\Aswin\.m2\repository\ch\qos\logback\logback-core\1.2.11\logback-core-1.2.11.jar;C:\Users\Aswin\.m2\repository\org\apache\logging\log4j\log4j-to-slf4j\2.17.2\log4j-to-slf4j-2.17.2.jar;C:\Users\Aswin\.m2\repository\org\apache\logging\log4j\log4j-api\2.17.2\log4j-api-2.17.2.jar;C:\Users\Aswin\.m2\repository\org\slf4j\jul-to-slf4j\1.7.36\jul-to-slf4j-1.7.36.jar;C:\Users\Aswin\.m2\repository\jakarta\annotation\jakarta.annotation-api\1.3.5\jakarta.annotation-api-1.3.5.jar;C:\Users\Aswin\.m2\repository\org\yaml\snakeyaml\1.30\snakeyaml-1.30.jar;C:\Users\Aswin\.m2\repository\org\mongodb\mongodb-driver-sync\4.6.1\mongodb-driver-sync-4.6.1.jar;C:\Users\Aswin\.m2\repository\org\mongodb\bson\4.6.1\bson-4.6.1.jar;C:\Users\Aswin\.m2\repository\org\mongodb\mongodb-driver-core\4.6.1\mongodb-driver-core-4.6.1.jar;C:\Users\Aswin\.m2\repository\org\mongodb\bson-record-codec\4.6.1\bson-record-codec-4.6.1.jar;C:\Users\Aswin\.m2\repository\org\springframework\data\spring-data-mongodb\3.4.5\spring-data-mongodb-3.4.5.jar;C:\Users\Aswin\.m2\repository\org\springframework\spring-tx\5.3.23\spring-tx-5.3.23.jar;C:\Users\Aswin\.m2\repository\org\springframework\spring-context\5.3.23\spring-context-5.3.23.jar;C:\Users\Aswin\.m2\repository\org\springframework\spring-beans\5.3.23\spring-beans-5.3.23.jar;C:\Users\Aswin\.m2\repository\org\springframework\spring-expression\5.3.23\spring-expression-5.3.23.jar;C:\Users\Aswin\.m2\repository\org\springframework\data\spring-data-commons\2.7.5\spring-data-commons-2.7.5.jar;C:\Users\Aswin\.m2\repository\org\slf4j\slf4j-api\1.7.36\slf4j-api-1.7.36.jar;C:\Users\Aswin\.m2\repository\org\springframework\cloud\spring-cloud-starter-netflix-eureka-client\3.1.4\spring-cloud-starter-netflix-eureka-client-3.1.4.jar;C:\Users\Aswin\.m2\repository\org\springframework\cloud\spring-cloud-starter\3.1.6\spring-cloud-starter-3.1.6.jar;C:\Users\Aswin\.m2\repository\org\springframework\cloud\spring-cloud-context\3.1.6\spring-cloud-context-3.1.6.jar;C:\Users\Aswin\.m2\repository\org\springframework\security\spring-security-rsa\1.0.11.RELEASE\spring-security-rsa-1.0.11.RELEASE.jar;C:\Users\Aswin\.m2\repository\org\bouncycastle\bcpkix-jdk15on\1.69\bcpkix-jdk15on-1.69.jar;C:\Users\Aswin\.m2\repository\org\bouncycastle\bcprov-jdk15on\1.69\bcprov-jdk15on-1.69.jar;C:\Users\Aswin\.m2\repository\org\bouncycastle\bcutil-jdk15on\1.69\bcutil-jdk15on-1.69.jar;C:\Users\Aswin\.m2\repository\org\springframework\cloud\spring-cloud-netflix-eureka-client\3.1.5\spring-cloud-netflix-eureka-client-3.1.5.jar;C:\Users\Aswin\.m2\repository\com\netflix\eureka\eureka-client\1.10.17\eureka-client-1.10.17.jar;C:\Users\Aswin\.m2\repository\com\netflix\netflix-commons\netflix-eventbus\0.3.0\netflix-eventbus-0.3.0.jar;C:\Users\Aswin\.m2\repository\com\netflix\netflix-commons\netflix-infix\0.3.0\netflix-infix-0.3.0.jar;C:\Users\Aswin\.m2\repository\commons-jxpath\commons-jxpath\1.3\commons-jxpath-1.3.jar;C:\Users\Aswin\.m2\repository\joda-time\joda-time\2.3\joda-time-2.3.jar;C:\Users\Aswin\.m2\repository\org\antlr\antlr-runtime\3.4\antlr-runtime-3.4.jar;C:\Users\Aswin\.m2\repository\org\antlr\stringtemplate\3.2.1\stringtemplate-3.2.1.jar;C:\Users\Aswin\.m2\repository\antlr\antlr\2.7.7\antlr-2.7.7.jar;C:\Users\Aswin\.m2\repository\com\google\code\gson\gson\2.9.1\gson-2.9.1.jar;C:\Users\Aswin\.m2\repository\org\apache\commons\commons-math\2.2\commons-math-2.2.jar;C:\Users\Aswin\.m2\repository\com\thoughtworks\xstream\xstream\1.4.18\xstream-1.4.18.jar;C:\Users\Aswin\.m2\repository\io\github\x-stream\mxparser\1.2.2\mxparser-1.2.2.jar;C:\Users\Aswin\.m2\repository\xmlpull\xmlpull\1.1.3.1\xmlpull-1.1.3.1.jar;C:\Users\Aswin\.m2\repository\javax\ws\rs\jsr311-api\1.1.1\jsr311-api-1.1.1.jar;C:\Users\Aswin\.m2\repository\com\netflix\servo\servo-core\0.12.21\servo-core-0.12.21.jar;C:\Users\Aswin\.m2\repository\com\google\guava\guava\19.0\guava-19.0.jar;C:\Users\Aswin\.m2\repository\org\apache\httpcomponents\httpclient\4.5.13\httpclient-4.5.13.jar;C:\Users\Aswin\.m2\repository\org\apache\httpcomponents\httpcore\4.4.15\httpcore-4.4.15.jar;C:\Users\Aswin\.m2\repository\commons-codec\commons-codec\1.15\commons-codec-1.15.jar;C:\Users\Aswin\.m2\repository\commons-configuration\commons-configuration\1.10\commons-configuration-1.10.jar;C:\Users\Aswin\.m2\repository\commons-lang\commons-lang\2.6\commons-lang-2.6.jar;C:\Users\Aswin\.m2\repository\com\google\inject\guice\4.1.0\guice-4.1.0.jar;C:\Users\Aswin\.m2\repository\javax\inject\javax.inject\1\javax.inject-1.jar;C:\Users\Aswin\.m2\repository\org\codehaus\jettison\jettison\1.4.0\jettison-1.4.0.jar;C:\Users\Aswin\.m2\repository\com\netflix\eureka\eureka-core\1.10.17\eureka-core-1.10.17.jar;C:\Users\Aswin\.m2\repository\com\fasterxml\woodstox\woodstox-core\6.2.1\woodstox-core-6.2.1.jar;C:\Users\Aswin\.m2\repository\org\codehaus\woodstox\stax2-api\4.2.1\stax2-api-4.2.1.jar;C:\Users\Aswin\.m2\repository\org\springframework\cloud\spring-cloud-starter-loadbalancer\3.1.6\spring-cloud-starter-loadbalancer-3.1.6.jar;C:\Users\Aswin\.m2\repository\org\springframework\cloud\spring-cloud-loadbalancer\3.1.6\spring-cloud-loadbalancer-3.1.6.jar;C:\Users\Aswin\.m2\repository\io\projectreactor\reactor-core\3.4.24\reactor-core-3.4.24.jar;C:\Users\Aswin\.m2\repository\org\reactivestreams\reactive-streams\1.0.4\reactive-streams-1.0.4.jar;C:\Users\Aswin\.m2\repository\io\projectreactor\addons\reactor-extra\3.4.8\reactor-extra-3.4.8.jar;C:\Users\Aswin\.m2\repository\org\springframework\boot\spring-boot-starter-cache\2.7.5\spring-boot-starter-cache-2.7.5.jar;C:\Users\Aswin\.m2\repository\org\springframework\spring-context-support\5.3.23\spring-context-support-5.3.23.jar;C:\Users\Aswin\.m2\repository\com\stoyanr\evictor\1.0.0\evictor-1.0.0.jar;C:\Users\Aswin\.m2\repository\commons-io\commons-io\2.11.0\commons-io-2.11.0.jar;C:\Users\Aswin\.m2\repository\org\springframework\cloud\spring-cloud-starter-openfeign\3.1.3\spring-cloud-starter-openfeign-3.1.3.jar;C:\Users\Aswin\.m2\repository\org\springframework\cloud\spring-cloud-openfeign-core\3.1.6\spring-cloud-openfeign-core-3.1.6.jar;C:\Users\Aswin\.m2\repository\org\springframework\boot\spring-boot-starter-aop\2.7.5\spring-boot-starter-aop-2.7.5.jar;C:\Users\Aswin\.m2\repository\org\aspectj\aspectjweaver\1.9.7\aspectjweaver-1.9.7.jar;C:\Users\Aswin\.m2\repository\io\github\openfeign\form\feign-form-spring\3.8.0\feign-form-spring-3.8.0.jar;C:\Users\Aswin\.m2\repository\io\github\openfeign\form\feign-form\3.8.0\feign-form-3.8.0.jar;C:\Users\Aswin\.m2\repository\commons-fileupload\commons-fileupload\1.4\commons-fileupload-1.4.jar;C:\Users\Aswin\.m2\repository\org\springframework\spring-web\5.3.23\spring-web-5.3.23.jar;C:\Users\Aswin\.m2\repository\org\springframework\cloud\spring-cloud-commons\3.1.6\spring-cloud-commons-3.1.6.jar;C:\Users\Aswin\.m2\repository\org\springframework\security\spring-security-crypto\5.7.4\spring-security-crypto-5.7.4.jar;C:\Users\Aswin\.m2\repository\io\github\openfeign\feign-core\11.10\feign-core-11.10.jar;C:\Users\Aswin\.m2\repository\io\github\openfeign\feign-slf4j\11.10\feign-slf4j-11.10.jar;C:\Users\Aswin\.m2\repository\org\springframework\boot\spring-boot-starter-web\3.0.4\spring-boot-starter-web-3.0.4.jar;C:\Users\Aswin\.m2\repository\org\springframework\boot\spring-boot-starter-json\2.7.5\spring-boot-starter-json-2.7.5.jar;C:\Users\Aswin\.m2\repository\com\fasterxml\jackson\datatype\jackson-datatype-jdk8\2.13.4\jackson-datatype-jdk8-2.13.4.jar;C:\Users\Aswin\.m2\repository\com\fasterxml\jackson\datatype\jackson-datatype-jsr310\2.13.4\jackson-datatype-jsr310-2.13.4.jar;C:\Users\Aswin\.m2\repository\com\fasterxml\jackson\module\jackson-module-parameter-names\2.13.4\jackson-module-parameter-names-2.13.4.jar;C:\Users\Aswin\.m2\repository\org\springframework\boot\spring-boot-starter-tomcat\2.7.5\spring-boot-starter-tomcat-2.7.5.jar;C:\Users\Aswin\.m2\repository\org\apache\tomcat\embed\tomcat-embed-core\9.0.68\tomcat-embed-core-9.0.68.jar;C:\Users\Aswin\.m2\repository\org\apache\tomcat\embed\tomcat-embed-el\9.0.68\tomcat-embed-el-9.0.68.jar;C:\Users\Aswin\.m2\repository\org\apache\tomcat\embed\tomcat-embed-websocket\9.0.68\tomcat-embed-websocket-9.0.68.jar;C:\Users\Aswin\.m2\repository\org\springframework\spring-webmvc\5.3.23\spring-webmvc-5.3.23.jar;C:\Users\Aswin\.m2\repository\org\springframework\spring-aop\5.3.23\spring-aop-5.3.23.jar;C:\Users\Aswin\.m2\repository\org\projectlombok\lombok\1.18.26\lombok-1.18.26.jar;C:\Users\Aswin\.m2\repository\org\springframework\spring-core\5.3.23\spring-core-5.3.23.jar;C:\Users\Aswin\.m2\repository\org\springframework\spring-jcl\5.3.23\spring-jcl-5.3.23.jar
Launcher Type: SUN_STANDARD

[Global flags]
     intx CICompilerCount                          = 4                                         {product} {ergonomic}
     uint ConcGCThreads                            = 3                                         {product} {ergonomic}
     uint G1ConcRefinementThreads                  = 10                                        {product} {ergonomic}
   size_t G1HeapRegionSize                         = 1048576                                   {product} {ergonomic}
    uintx GCDrainStackTargetSize                   = 64                                        {product} {ergonomic}
   size_t InitialHeapSize                          = 123731968                                 {product} {ergonomic}
   size_t MarkStackSize                            = 4194304                                   {product} {ergonomic}
   size_t MaxHeapSize                              = 1977614336                                {product} {ergonomic}
   size_t MaxNewSize                               = 1185939456                                {product} {ergonomic}
   size_t MinHeapDeltaBytes                        = 1048576                                   {product} {ergonomic}
   size_t MinHeapSize                              = 8388608                                   {product} {ergonomic}
    uintx NonNMethodCodeHeapSize                   = 5839372                                {pd product} {ergonomic}
    uintx NonProfiledCodeHeapSize                  = 122909434                              {pd product} {ergonomic}
    uintx ProfiledCodeHeapSize                     = 122909434                              {pd product} {ergonomic}
    uintx ReservedCodeCacheSize                    = 251658240                              {pd product} {ergonomic}
     bool SegmentedCodeCache                       = true                                      {product} {ergonomic}
   size_t SoftMaxHeapSize                          = 1977614336                             {manageable} {ergonomic}
     bool UseCompressedClassPointers               = true                           {product lp64_product} {ergonomic}
     bool UseCompressedOops                        = true                           {product lp64_product} {ergonomic}
     bool UseG1GC                                  = true                                      {product} {ergonomic}
     bool UseLargePagesIndividualAllocation        = false                                  {pd product} {ergonomic}

Logging:
Log output configuration:
 #0: stdout all=warning uptime,level,tags foldmultilines=false
 #1: stderr all=off uptime,level,tags foldmultilines=false

Environment Variables:
PATH=C:\Program Files\Common Files\Oracle\Java\javapath;C:\WINDOWS\system32;C:\WINDOWS;C:\WINDOWS\System32\Wbem;C:\WINDOWS\System32\WindowsPowerShell\v1.0\;C:\WINDOWS\System32\OpenSSH\;C:\Program Files\Git\cmd;C:\Program Files\nodejs\;C:\Program Files\Docker\Docker\resources\bin;C:\Program Files\MySQL\MySQL Shell 8.0\bin\;C:\Users\Aswin\AppData\Local\Microsoft\WindowsApps;C:\Users\Aswin\AppData\Local\Programs\Microsoft VS Code\bin;C:\Users\Aswin\AppData\Local\JetBrains\Toolbox\scripts;C:\Users\Aswin\AppData\Roaming\npm;%USERPROFILE%\AppData\Local\Microsoft\WindowsApps;
USERNAME=Aswin
OS=Windows_NT
PROCESSOR_IDENTIFIER=AMD64 Family 23 Model 96 Stepping 1, AuthenticAMD
TMP=C:\Users\Aswin\AppData\Local\Temp
TEMP=C:\Users\Aswin\AppData\Local\Temp



---------------  S Y S T E M  ---------------

OS:
 Windows 11 , 64 bit Build 23451 (10.0.23451.1000)
OS uptime: 12 days 18:09 hours
Hyper-V role detected

CPU: total 12 (initial active 12) (12 cores per cpu, 2 threads per core) family 23 model 96 stepping 1 microcode 0x0, cx8, cmov, fxsr, ht, mmx, 3dnowpref, sse, sse2, sse3, ssse3, sse4a, sse4.1, sse4.2, popcnt, lzcnt, tsc, tscinvbit, avx, avx2, aes, clmul, bmi1, bmi2, adx, sha, fma, vzeroupper, clflush, clflushopt, hv, rdtscp, rdpid

Memory: 4k page, system-wide physical 7539M (447M free)
TotalPageFile size 31091M (AvailPageFile size 5M)
current process WorkingSet (physical memory assigned to process): 232M, peak: 267M
current process commit charge ("private bytes"): 340M, peak: 342M

vm_info: Java HotSpot(TM) 64-Bit Server VM (19.0.1+10-21) for windows-amd64 JRE (19.0.1+10-21), built on 2022-09-14T12:45:06Z by "mach5one" with MS VC++ 17.1 (VS2022)

END.
